{"/Users/doheelee/Desktop/Florin_Community_App_Server/api.js": {"path":"/Users/doheelee/Desktop/Florin_Community_App_Server/api.js","statementMap":{"0":{"start":{"line":1,"column":16},"end":{"line":1,"column":34}},"1":{"start":{"line":2,"column":13},"end":{"line":2,"column":28}},"2":{"start":{"line":3,"column":15},"end":{"line":3,"column":32}},"3":{"start":{"line":5,"column":12},"end":{"line":5,"column":21}},"4":{"start":{"line":7,"column":0},"end":{"line":7,"column":15}},"5":{"start":{"line":8,"column":0},"end":{"line":8,"column":23}},"6":{"start":{"line":9,"column":0},"end":{"line":9,"column":22}},"7":{"start":{"line":11,"column":21},"end":{"line":11,"column":54}},"8":{"start":{"line":12,"column":24},"end":{"line":12,"column":60}},"9":{"start":{"line":13,"column":25},"end":{"line":13,"column":62}},"10":{"start":{"line":14,"column":24},"end":{"line":14,"column":58}},"11":{"start":{"line":15,"column":19},"end":{"line":15,"column":51}},"12":{"start":{"line":18,"column":0},"end":{"line":23,"column":2}},"13":{"start":{"line":19,"column":2},"end":{"line":22,"column":4}},"14":{"start":{"line":25,"column":0},"end":{"line":25,"column":29}},"15":{"start":{"line":27,"column":0},"end":{"line":27,"column":38}},"16":{"start":{"line":28,"column":0},"end":{"line":28,"column":32}},"17":{"start":{"line":29,"column":0},"end":{"line":29,"column":40}},"18":{"start":{"line":30,"column":0},"end":{"line":30,"column":39}},"19":{"start":{"line":32,"column":0},"end":{"line":32,"column":20}}},"fnMap":{"0":{"name":"(anonymous_0)","decl":{"start":{"line":18,"column":13},"end":{"line":18,"column":14}},"loc":{"start":{"line":18,"column":27},"end":{"line":23,"column":1}},"line":18}},"branchMap":{},"s":{"0":1,"1":1,"2":1,"3":1,"4":1,"5":1,"6":1,"7":1,"8":1,"9":1,"10":1,"11":1,"12":1,"13":0,"14":1,"15":1,"16":1,"17":1,"18":1,"19":1},"f":{"0":0},"b":{},"_coverageSchema":"1a1c01bbd47fc00a2c39e90264f33305004495a9","hash":"884a71a0821545b1ce2d0be7e0ef0989e0583fa0"}
,"/Users/doheelee/Desktop/Florin_Community_App_Server/controllers/complaint.js": {"path":"/Users/doheelee/Desktop/Florin_Community_App_Server/controllers/complaint.js","statementMap":{"0":{"start":{"line":1,"column":18},"end":{"line":1,"column":49}},"1":{"start":{"line":4,"column":2},"end":{"line":9,"column":3}},"2":{"start":{"line":5,"column":24},"end":{"line":5,"column":48}},"3":{"start":{"line":6,"column":4},"end":{"line":6,"column":37}},"4":{"start":{"line":8,"column":4},"end":{"line":8,"column":48}},"5":{"start":{"line":13,"column":2},"end":{"line":19,"column":3}},"6":{"start":{"line":14,"column":15},"end":{"line":14,"column":38}},"7":{"start":{"line":15,"column":21},"end":{"line":15,"column":51}},"8":{"start":{"line":16,"column":4},"end":{"line":16,"column":34}},"9":{"start":{"line":18,"column":4},"end":{"line":18,"column":48}},"10":{"start":{"line":23,"column":2},"end":{"line":29,"column":3}},"11":{"start":{"line":24,"column":26},"end":{"line":24,"column":34}},"12":{"start":{"line":25,"column":23},"end":{"line":25,"column":60}},"13":{"start":{"line":26,"column":4},"end":{"line":26,"column":36}},"14":{"start":{"line":28,"column":4},"end":{"line":28,"column":48}},"15":{"start":{"line":33,"column":2},"end":{"line":41,"column":3}},"16":{"start":{"line":34,"column":15},"end":{"line":34,"column":38}},"17":{"start":{"line":35,"column":17},"end":{"line":35,"column":25}},"18":{"start":{"line":36,"column":23},"end":{"line":36,"column":53}},"19":{"start":{"line":37,"column":19},"end":{"line":37,"column":48}},"20":{"start":{"line":38,"column":4},"end":{"line":38,"column":32}},"21":{"start":{"line":40,"column":4},"end":{"line":40,"column":48}},"22":{"start":{"line":44,"column":2},"end":{"line":51,"column":3}},"23":{"start":{"line":45,"column":15},"end":{"line":45,"column":38}},"24":{"start":{"line":46,"column":23},"end":{"line":46,"column":53}},"25":{"start":{"line":47,"column":4},"end":{"line":47,"column":30}},"26":{"start":{"line":48,"column":4},"end":{"line":48,"column":26}},"27":{"start":{"line":50,"column":4},"end":{"line":50,"column":48}},"28":{"start":{"line":54,"column":0},"end":{"line":60,"column":1}}},"fnMap":{"0":{"name":"index","decl":{"start":{"line":3,"column":15},"end":{"line":3,"column":20}},"loc":{"start":{"line":3,"column":31},"end":{"line":10,"column":1}},"line":3},"1":{"name":"show","decl":{"start":{"line":12,"column":15},"end":{"line":12,"column":19}},"loc":{"start":{"line":12,"column":30},"end":{"line":20,"column":1}},"line":12},"2":{"name":"create","decl":{"start":{"line":22,"column":15},"end":{"line":22,"column":21}},"loc":{"start":{"line":22,"column":32},"end":{"line":30,"column":1}},"line":22},"3":{"name":"update","decl":{"start":{"line":32,"column":15},"end":{"line":32,"column":21}},"loc":{"start":{"line":32,"column":32},"end":{"line":42,"column":1}},"line":32},"4":{"name":"destroy","decl":{"start":{"line":43,"column":15},"end":{"line":43,"column":22}},"loc":{"start":{"line":43,"column":33},"end":{"line":52,"column":1}},"line":43}},"branchMap":{},"s":{"0":1,"1":2,"2":2,"3":2,"4":0,"5":0,"6":0,"7":0,"8":0,"9":0,"10":2,"11":2,"12":2,"13":0,"14":2,"15":1,"16":1,"17":1,"18":1,"19":1,"20":0,"21":1,"22":0,"23":0,"24":0,"25":0,"26":0,"27":0,"28":1},"f":{"0":2,"1":0,"2":2,"3":1,"4":0},"b":{},"_coverageSchema":"1a1c01bbd47fc00a2c39e90264f33305004495a9","hash":"cce05f223f8d8576f080d4ee47f0b170271301d1"}
,"/Users/doheelee/Desktop/Florin_Community_App_Server/controllers/eventsController.js": {"path":"/Users/doheelee/Desktop/Florin_Community_App_Server/controllers/eventsController.js","statementMap":{"0":{"start":{"line":1,"column":14},"end":{"line":1,"column":43}},"1":{"start":{"line":4,"column":4},"end":{"line":9,"column":5}},"2":{"start":{"line":5,"column":23},"end":{"line":5,"column":43}},"3":{"start":{"line":6,"column":8},"end":{"line":6,"column":37}},"4":{"start":{"line":8,"column":8},"end":{"line":8,"column":52}},"5":{"start":{"line":13,"column":4},"end":{"line":19,"column":5}},"6":{"start":{"line":14,"column":19},"end":{"line":14,"column":42}},"7":{"start":{"line":15,"column":22},"end":{"line":15,"column":48}},"8":{"start":{"line":16,"column":8},"end":{"line":16,"column":36}},"9":{"start":{"line":18,"column":8},"end":{"line":18,"column":52}},"10":{"start":{"line":23,"column":4},"end":{"line":31,"column":5}},"11":{"start":{"line":24,"column":19},"end":{"line":24,"column":42}},"12":{"start":{"line":25,"column":21},"end":{"line":25,"column":29}},"13":{"start":{"line":26,"column":27},"end":{"line":26,"column":53}},"14":{"start":{"line":27,"column":23},"end":{"line":27,"column":52}},"15":{"start":{"line":28,"column":8},"end":{"line":28,"column":37}},"16":{"start":{"line":30,"column":8},"end":{"line":30,"column":52}},"17":{"start":{"line":35,"column":4},"end":{"line":40,"column":5}},"18":{"start":{"line":36,"column":22},"end":{"line":36,"column":50}},"19":{"start":{"line":37,"column":8},"end":{"line":37,"column":36}},"20":{"start":{"line":39,"column":8},"end":{"line":39,"column":52}},"21":{"start":{"line":45,"column":4},"end":{"line":51,"column":5}},"22":{"start":{"line":46,"column":19},"end":{"line":46,"column":42}},"23":{"start":{"line":47,"column":22},"end":{"line":47,"column":45}},"24":{"start":{"line":48,"column":8},"end":{"line":48,"column":36}},"25":{"start":{"line":50,"column":8},"end":{"line":50,"column":52}},"26":{"start":{"line":54,"column":0},"end":{"line":56,"column":1}}},"fnMap":{"0":{"name":"index","decl":{"start":{"line":3,"column":15},"end":{"line":3,"column":20}},"loc":{"start":{"line":3,"column":32},"end":{"line":10,"column":1}},"line":3},"1":{"name":"show","decl":{"start":{"line":12,"column":15},"end":{"line":12,"column":19}},"loc":{"start":{"line":12,"column":31},"end":{"line":20,"column":1}},"line":12},"2":{"name":"update","decl":{"start":{"line":22,"column":15},"end":{"line":22,"column":21}},"loc":{"start":{"line":22,"column":33},"end":{"line":32,"column":1}},"line":22},"3":{"name":"create","decl":{"start":{"line":34,"column":15},"end":{"line":34,"column":21}},"loc":{"start":{"line":34,"column":33},"end":{"line":41,"column":1}},"line":34},"4":{"name":"destroy","decl":{"start":{"line":44,"column":15},"end":{"line":44,"column":22}},"loc":{"start":{"line":44,"column":34},"end":{"line":52,"column":1}},"line":44}},"branchMap":{},"s":{"0":1,"1":0,"2":0,"3":0,"4":0,"5":0,"6":0,"7":0,"8":0,"9":0,"10":0,"11":0,"12":0,"13":0,"14":0,"15":0,"16":0,"17":0,"18":0,"19":0,"20":0,"21":0,"22":0,"23":0,"24":0,"25":0,"26":1},"f":{"0":0,"1":0,"2":0,"3":0,"4":0},"b":{},"_coverageSchema":"1a1c01bbd47fc00a2c39e90264f33305004495a9","hash":"b47e9cc43add8494f1b1fb0bea1f899ea7dab5e4"}
,"/Users/doheelee/Desktop/Florin_Community_App_Server/controllers/recycling.js": {"path":"/Users/doheelee/Desktop/Florin_Community_App_Server/controllers/recycling.js","statementMap":{"0":{"start":{"line":1,"column":16},"end":{"line":1,"column":46}},"1":{"start":{"line":4,"column":2},"end":{"line":9,"column":3}},"2":{"start":{"line":5,"column":22},"end":{"line":5,"column":44}},"3":{"start":{"line":6,"column":4},"end":{"line":6,"column":35}},"4":{"start":{"line":8,"column":4},"end":{"line":8,"column":48}},"5":{"start":{"line":13,"column":2},"end":{"line":22,"column":3}},"6":{"start":{"line":14,"column":15},"end":{"line":14,"column":38}},"7":{"start":{"line":15,"column":17},"end":{"line":15,"column":25}},"8":{"start":{"line":16,"column":23},"end":{"line":16,"column":51}},"9":{"start":{"line":17,"column":19},"end":{"line":17,"column":48}},"10":{"start":{"line":19,"column":4},"end":{"line":19,"column":32}},"11":{"start":{"line":21,"column":4},"end":{"line":21,"column":48}},"12":{"start":{"line":26,"column":2},"end":{"line":32,"column":3}},"13":{"start":{"line":27,"column":17},"end":{"line":27,"column":25}},"14":{"start":{"line":28,"column":19},"end":{"line":28,"column":45}},"15":{"start":{"line":29,"column":4},"end":{"line":29,"column":32}},"16":{"start":{"line":31,"column":4},"end":{"line":31,"column":48}},"17":{"start":{"line":36,"column":2},"end":{"line":42,"column":3}},"18":{"start":{"line":37,"column":15},"end":{"line":37,"column":38}},"19":{"start":{"line":38,"column":20},"end":{"line":38,"column":48}},"20":{"start":{"line":39,"column":4},"end":{"line":39,"column":21}},"21":{"start":{"line":41,"column":4},"end":{"line":41,"column":48}},"22":{"start":{"line":46,"column":2},"end":{"line":53,"column":3}},"23":{"start":{"line":47,"column":15},"end":{"line":47,"column":38}},"24":{"start":{"line":48,"column":22},"end":{"line":48,"column":50}},"25":{"start":{"line":49,"column":19},"end":{"line":49,"column":44}},"26":{"start":{"line":50,"column":4},"end":{"line":50,"column":25}},"27":{"start":{"line":52,"column":4},"end":{"line":52,"column":48}},"28":{"start":{"line":56,"column":0},"end":{"line":62,"column":1}}},"fnMap":{"0":{"name":"index","decl":{"start":{"line":3,"column":15},"end":{"line":3,"column":20}},"loc":{"start":{"line":3,"column":31},"end":{"line":10,"column":1}},"line":3},"1":{"name":"update","decl":{"start":{"line":12,"column":15},"end":{"line":12,"column":21}},"loc":{"start":{"line":12,"column":32},"end":{"line":23,"column":1}},"line":12},"2":{"name":"create","decl":{"start":{"line":25,"column":15},"end":{"line":25,"column":21}},"loc":{"start":{"line":25,"column":32},"end":{"line":33,"column":1}},"line":25},"3":{"name":"show","decl":{"start":{"line":35,"column":15},"end":{"line":35,"column":19}},"loc":{"start":{"line":35,"column":30},"end":{"line":43,"column":1}},"line":35},"4":{"name":"destroy","decl":{"start":{"line":45,"column":15},"end":{"line":45,"column":22}},"loc":{"start":{"line":45,"column":33},"end":{"line":54,"column":1}},"line":45}},"branchMap":{},"s":{"0":1,"1":0,"2":0,"3":0,"4":0,"5":0,"6":0,"7":0,"8":0,"9":0,"10":0,"11":0,"12":0,"13":0,"14":0,"15":0,"16":0,"17":0,"18":0,"19":0,"20":0,"21":0,"22":0,"23":0,"24":0,"25":0,"26":0,"27":0,"28":1},"f":{"0":0,"1":0,"2":0,"3":0,"4":0},"b":{},"_coverageSchema":"1a1c01bbd47fc00a2c39e90264f33305004495a9","hash":"e0b36680726676e295b9c59925a876bbb84d98eb"}
,"/Users/doheelee/Desktop/Florin_Community_App_Server/controllers/userEventsController.js": {"path":"/Users/doheelee/Desktop/Florin_Community_App_Server/controllers/userEventsController.js","statementMap":{"0":{"start":{"line":1,"column":18},"end":{"line":1,"column":51}},"1":{"start":{"line":4,"column":4},"end":{"line":9,"column":5}},"2":{"start":{"line":5,"column":27},"end":{"line":5,"column":51}},"3":{"start":{"line":6,"column":8},"end":{"line":6,"column":41}},"4":{"start":{"line":8,"column":8},"end":{"line":8,"column":52}},"5":{"start":{"line":13,"column":4},"end":{"line":19,"column":5}},"6":{"start":{"line":14,"column":19},"end":{"line":14,"column":42}},"7":{"start":{"line":15,"column":26},"end":{"line":15,"column":56}},"8":{"start":{"line":16,"column":8},"end":{"line":16,"column":40}},"9":{"start":{"line":18,"column":8},"end":{"line":18,"column":52}},"10":{"start":{"line":23,"column":4},"end":{"line":28,"column":5}},"11":{"start":{"line":24,"column":26},"end":{"line":24,"column":58}},"12":{"start":{"line":25,"column":8},"end":{"line":25,"column":40}},"13":{"start":{"line":27,"column":8},"end":{"line":27,"column":52}},"14":{"start":{"line":45,"column":4},"end":{"line":51,"column":5}},"15":{"start":{"line":46,"column":19},"end":{"line":46,"column":42}},"16":{"start":{"line":47,"column":26},"end":{"line":47,"column":53}},"17":{"start":{"line":48,"column":8},"end":{"line":48,"column":40}},"18":{"start":{"line":50,"column":8},"end":{"line":50,"column":52}},"19":{"start":{"line":54,"column":0},"end":{"line":56,"column":1}}},"fnMap":{"0":{"name":"index","decl":{"start":{"line":3,"column":15},"end":{"line":3,"column":20}},"loc":{"start":{"line":3,"column":32},"end":{"line":10,"column":1}},"line":3},"1":{"name":"show","decl":{"start":{"line":12,"column":15},"end":{"line":12,"column":19}},"loc":{"start":{"line":12,"column":31},"end":{"line":20,"column":1}},"line":12},"2":{"name":"create","decl":{"start":{"line":22,"column":15},"end":{"line":22,"column":21}},"loc":{"start":{"line":22,"column":33},"end":{"line":29,"column":1}},"line":22},"3":{"name":"destroy","decl":{"start":{"line":44,"column":15},"end":{"line":44,"column":22}},"loc":{"start":{"line":44,"column":34},"end":{"line":52,"column":1}},"line":44}},"branchMap":{},"s":{"0":1,"1":0,"2":0,"3":0,"4":0,"5":0,"6":0,"7":0,"8":0,"9":0,"10":0,"11":0,"12":0,"13":0,"14":0,"15":0,"16":0,"17":0,"18":0,"19":1},"f":{"0":0,"1":0,"2":0,"3":0},"b":{},"_coverageSchema":"1a1c01bbd47fc00a2c39e90264f33305004495a9","hash":"99334cb9d37fb8e2ad7edd7960c161aa9668f0af"}
,"/Users/doheelee/Desktop/Florin_Community_App_Server/controllers/usersController.js": {"path":"/Users/doheelee/Desktop/Florin_Community_App_Server/controllers/usersController.js","statementMap":{"0":{"start":{"line":1,"column":15},"end":{"line":1,"column":32}},"1":{"start":{"line":2,"column":13},"end":{"line":2,"column":38}},"2":{"start":{"line":3,"column":14},"end":{"line":3,"column":40}},"3":{"start":{"line":4,"column":19},"end":{"line":4,"column":50}},"4":{"start":{"line":7,"column":2},"end":{"line":13,"column":3}},"5":{"start":{"line":8,"column":15},"end":{"line":8,"column":43}},"6":{"start":{"line":9,"column":20},"end":{"line":9,"column":45}},"7":{"start":{"line":10,"column":4},"end":{"line":10,"column":21}},"8":{"start":{"line":12,"column":4},"end":{"line":12,"column":55}},"9":{"start":{"line":17,"column":2},"end":{"line":32,"column":3}},"10":{"start":{"line":18,"column":17},"end":{"line":18,"column":25}},"11":{"start":{"line":21,"column":17},"end":{"line":21,"column":79}},"12":{"start":{"line":24,"column":4},"end":{"line":24,"column":64}},"13":{"start":{"line":25,"column":4},"end":{"line":25,"column":21}},"14":{"start":{"line":27,"column":19},"end":{"line":27,"column":42}},"15":{"start":{"line":29,"column":4},"end":{"line":29,"column":32}},"16":{"start":{"line":31,"column":4},"end":{"line":31,"column":48}},"17":{"start":{"line":36,"column":2},"end":{"line":51,"column":3}},"18":{"start":{"line":37,"column":17},"end":{"line":37,"column":25}},"19":{"start":{"line":38,"column":17},"end":{"line":38,"column":59}},"20":{"start":{"line":41,"column":26},"end":{"line":41,"column":79}},"21":{"start":{"line":43,"column":4},"end":{"line":48,"column":5}},"22":{"start":{"line":44,"column":6},"end":{"line":44,"column":47}},"23":{"start":{"line":46,"column":20},"end":{"line":46,"column":55}},"24":{"start":{"line":47,"column":6},"end":{"line":47,"column":71}},"25":{"start":{"line":50,"column":4},"end":{"line":50,"column":48}},"26":{"start":{"line":58,"column":2},"end":{"line":66,"column":3}},"27":{"start":{"line":59,"column":15},"end":{"line":59,"column":43}},"28":{"start":{"line":60,"column":4},"end":{"line":60,"column":25}},"29":{"start":{"line":61,"column":20},"end":{"line":61,"column":45}},"30":{"start":{"line":62,"column":4},"end":{"line":62,"column":34}},"31":{"start":{"line":63,"column":4},"end":{"line":63,"column":21}},"32":{"start":{"line":65,"column":4},"end":{"line":65,"column":55}},"33":{"start":{"line":78,"column":2},"end":{"line":85,"column":3}},"34":{"start":{"line":79,"column":15},"end":{"line":79,"column":43}},"35":{"start":{"line":80,"column":22},"end":{"line":80,"column":59}},"36":{"start":{"line":81,"column":4},"end":{"line":81,"column":23}},"37":{"start":{"line":82,"column":4},"end":{"line":82,"column":26}},"38":{"start":{"line":84,"column":4},"end":{"line":84,"column":48}},"39":{"start":{"line":89,"column":2},"end":{"line":95,"column":3}},"40":{"start":{"line":91,"column":24},"end":{"line":91,"column":54}},"41":{"start":{"line":92,"column":4},"end":{"line":92,"column":25}},"42":{"start":{"line":94,"column":4},"end":{"line":94,"column":48}},"43":{"start":{"line":99,"column":2},"end":{"line":104,"column":3}},"44":{"start":{"line":100,"column":22},"end":{"line":100,"column":51}},"45":{"start":{"line":101,"column":4},"end":{"line":101,"column":23}},"46":{"start":{"line":103,"column":4},"end":{"line":103,"column":48}},"47":{"start":{"line":108,"column":2},"end":{"line":114,"column":3}},"48":{"start":{"line":109,"column":15},"end":{"line":109,"column":43}},"49":{"start":{"line":110,"column":23},"end":{"line":110,"column":51}},"50":{"start":{"line":111,"column":4},"end":{"line":111,"column":24}},"51":{"start":{"line":113,"column":4},"end":{"line":113,"column":48}},"52":{"start":{"line":117,"column":0},"end":{"line":126,"column":1}}},"fnMap":{"0":{"name":"show","decl":{"start":{"line":6,"column":15},"end":{"line":6,"column":19}},"loc":{"start":{"line":6,"column":30},"end":{"line":14,"column":1}},"line":6},"1":{"name":"register","decl":{"start":{"line":16,"column":15},"end":{"line":16,"column":23}},"loc":{"start":{"line":16,"column":34},"end":{"line":33,"column":1}},"line":16},"2":{"name":"login","decl":{"start":{"line":35,"column":15},"end":{"line":35,"column":20}},"loc":{"start":{"line":35,"column":31},"end":{"line":52,"column":1}},"line":35},"3":{"name":"binDeets","decl":{"start":{"line":57,"column":15},"end":{"line":57,"column":23}},"loc":{"start":{"line":57,"column":34},"end":{"line":67,"column":1}},"line":57},"4":{"name":"showComplaints","decl":{"start":{"line":77,"column":15},"end":{"line":77,"column":29}},"loc":{"start":{"line":77,"column":40},"end":{"line":86,"column":1}},"line":77},"5":{"name":"recyclingPosts","decl":{"start":{"line":88,"column":15},"end":{"line":88,"column":29}},"loc":{"start":{"line":88,"column":40},"end":{"line":96,"column":1}},"line":88},"6":{"name":"showToken","decl":{"start":{"line":98,"column":15},"end":{"line":98,"column":24}},"loc":{"start":{"line":98,"column":35},"end":{"line":105,"column":1}},"line":98},"7":{"name":"showEventsUser","decl":{"start":{"line":107,"column":15},"end":{"line":107,"column":29}},"loc":{"start":{"line":107,"column":40},"end":{"line":115,"column":1}},"line":107}},"branchMap":{"0":{"loc":{"start":{"line":43,"column":4},"end":{"line":48,"column":5}},"type":"if","locations":[{"start":{"line":43,"column":4},"end":{"line":48,"column":5}},{"start":{"line":45,"column":11},"end":{"line":48,"column":5}}],"line":43}},"s":{"0":1,"1":1,"2":1,"3":1,"4":0,"5":0,"6":0,"7":0,"8":0,"9":0,"10":0,"11":0,"12":0,"13":0,"14":0,"15":0,"16":0,"17":0,"18":0,"19":0,"20":0,"21":0,"22":0,"23":0,"24":0,"25":0,"26":0,"27":0,"28":0,"29":0,"30":0,"31":0,"32":0,"33":0,"34":0,"35":0,"36":0,"37":0,"38":0,"39":0,"40":0,"41":0,"42":0,"43":0,"44":0,"45":0,"46":0,"47":0,"48":0,"49":0,"50":0,"51":0,"52":1},"f":{"0":0,"1":0,"2":0,"3":0,"4":0,"5":0,"6":0,"7":0},"b":{"0":[0,0]},"_coverageSchema":"1a1c01bbd47fc00a2c39e90264f33305004495a9","hash":"ea1ccf3ed6cddaeb620ddf3b71c338b6a008339b"}
,"/Users/doheelee/Desktop/Florin_Community_App_Server/database/connect.js": {"path":"/Users/doheelee/Desktop/Florin_Community_App_Server/database/connect.js","statementMap":{"0":{"start":{"line":1,"column":17},"end":{"line":1,"column":30}},"1":{"start":{"line":2,"column":0},"end":{"line":2,"column":26}},"2":{"start":{"line":4,"column":11},"end":{"line":6,"column":2}},"3":{"start":{"line":8,"column":0},"end":{"line":8,"column":41}},"4":{"start":{"line":10,"column":0},"end":{"line":10,"column":19}}},"fnMap":{},"branchMap":{},"s":{"0":1,"1":1,"2":1,"3":1,"4":1},"f":{},"b":{},"_coverageSchema":"1a1c01bbd47fc00a2c39e90264f33305004495a9","hash":"dffaa40e664ce3509af4994bedd20b3148751d9a"}
,"/Users/doheelee/Desktop/Florin_Community_App_Server/middleware/authenticator.js": {"path":"/Users/doheelee/Desktop/Florin_Community_App_Server/middleware/authenticator.js","statementMap":{"0":{"start":{"line":1,"column":14},"end":{"line":1,"column":40}},"1":{"start":{"line":4,"column":2},"end":{"line":17,"column":3}},"2":{"start":{"line":5,"column":22},"end":{"line":5,"column":50}},"3":{"start":{"line":7,"column":4},"end":{"line":13,"column":5}},"4":{"start":{"line":8,"column":6},"end":{"line":8,"column":49}},"5":{"start":{"line":10,"column":25},"end":{"line":10,"column":61}},"6":{"start":{"line":12,"column":6},"end":{"line":12,"column":13}},"7":{"start":{"line":16,"column":4},"end":{"line":16,"column":49}},"8":{"start":{"line":20,"column":0},"end":{"line":20,"column":30}}},"fnMap":{"0":{"name":"authenticator","decl":{"start":{"line":3,"column":15},"end":{"line":3,"column":28}},"loc":{"start":{"line":3,"column":45},"end":{"line":18,"column":1}},"line":3}},"branchMap":{"0":{"loc":{"start":{"line":7,"column":4},"end":{"line":13,"column":5}},"type":"if","locations":[{"start":{"line":7,"column":4},"end":{"line":13,"column":5}},{"start":{"line":9,"column":11},"end":{"line":13,"column":5}}],"line":7}},"s":{"0":1,"1":0,"2":0,"3":0,"4":0,"5":0,"6":0,"7":0,"8":1},"f":{"0":0},"b":{"0":[0,0]},"_coverageSchema":"1a1c01bbd47fc00a2c39e90264f33305004495a9","hash":"a853d02d258ab74be5b010645370c41e2dd31d4d"}
,"/Users/doheelee/Desktop/Florin_Community_App_Server/models/complaints.js": {"path":"/Users/doheelee/Desktop/Florin_Community_App_Server/models/complaints.js","statementMap":{"0":{"start":{"line":1,"column":11},"end":{"line":1,"column":41}},"1":{"start":{"line":5,"column":4},"end":{"line":5,"column":26}},"2":{"start":{"line":6,"column":4},"end":{"line":6,"column":22}},"3":{"start":{"line":7,"column":4},"end":{"line":7,"column":30}},"4":{"start":{"line":8,"column":4},"end":{"line":8,"column":26}},"5":{"start":{"line":9,"column":4},"end":{"line":9,"column":28}},"6":{"start":{"line":10,"column":4},"end":{"line":10,"column":26}},"7":{"start":{"line":14,"column":21},"end":{"line":14,"column":80}},"8":{"start":{"line":15,"column":4},"end":{"line":17,"column":5}},"9":{"start":{"line":16,"column":6},"end":{"line":16,"column":49}},"10":{"start":{"line":18,"column":4},"end":{"line":18,"column":55}},"11":{"start":{"line":18,"column":37},"end":{"line":18,"column":54}},"12":{"start":{"line":22,"column":21},"end":{"line":25,"column":5}},"13":{"start":{"line":26,"column":4},"end":{"line":28,"column":5}},"14":{"start":{"line":27,"column":6},"end":{"line":27,"column":61}},"15":{"start":{"line":29,"column":4},"end":{"line":29,"column":42}},"16":{"start":{"line":33,"column":59},"end":{"line":33,"column":63}},"17":{"start":{"line":34,"column":21},"end":{"line":38,"column":5}},"18":{"start":{"line":39,"column":24},"end":{"line":39,"column":48}},"19":{"start":{"line":40,"column":25},"end":{"line":40,"column":64}},"20":{"start":{"line":41,"column":4},"end":{"line":41,"column":23}},"21":{"start":{"line":45,"column":50},"end":{"line":45,"column":54}},"22":{"start":{"line":46,"column":21},"end":{"line":49,"column":5}},"23":{"start":{"line":50,"column":4},"end":{"line":52,"column":5}},"24":{"start":{"line":51,"column":6},"end":{"line":51,"column":60}},"25":{"start":{"line":53,"column":24},"end":{"line":53,"column":40}},"26":{"start":{"line":54,"column":4},"end":{"line":54,"column":22}},"27":{"start":{"line":58,"column":21},"end":{"line":61,"column":5}},"28":{"start":{"line":62,"column":4},"end":{"line":64,"column":5}},"29":{"start":{"line":63,"column":6},"end":{"line":63,"column":57}},"30":{"start":{"line":65,"column":23},"end":{"line":65,"column":39}},"31":{"start":{"line":66,"column":4},"end":{"line":66,"column":36}},"32":{"start":{"line":69,"column":21},"end":{"line":72,"column":5}},"33":{"start":{"line":74,"column":4},"end":{"line":76,"column":5}},"34":{"start":{"line":75,"column":6},"end":{"line":75,"column":63}},"35":{"start":{"line":78,"column":23},"end":{"line":78,"column":67}},"36":{"start":{"line":78,"column":49},"end":{"line":78,"column":66}},"37":{"start":{"line":80,"column":4},"end":{"line":80,"column":21}},"38":{"start":{"line":84,"column":0},"end":{"line":84,"column":26}}},"fnMap":{"0":{"name":"(anonymous_0)","decl":{"start":{"line":4,"column":2},"end":{"line":4,"column":3}},"loc":{"start":{"line":4,"column":73},"end":{"line":11,"column":3}},"line":4},"1":{"name":"(anonymous_1)","decl":{"start":{"line":13,"column":2},"end":{"line":13,"column":3}},"loc":{"start":{"line":13,"column":24},"end":{"line":19,"column":3}},"line":13},"2":{"name":"(anonymous_2)","decl":{"start":{"line":18,"column":29},"end":{"line":18,"column":30}},"loc":{"start":{"line":18,"column":37},"end":{"line":18,"column":54}},"line":18},"3":{"name":"(anonymous_3)","decl":{"start":{"line":21,"column":2},"end":{"line":21,"column":3}},"loc":{"start":{"line":21,"column":30},"end":{"line":30,"column":3}},"line":21},"4":{"name":"(anonymous_4)","decl":{"start":{"line":32,"column":2},"end":{"line":32,"column":3}},"loc":{"start":{"line":32,"column":28},"end":{"line":42,"column":3}},"line":32},"5":{"name":"(anonymous_5)","decl":{"start":{"line":44,"column":2},"end":{"line":44,"column":3}},"loc":{"start":{"line":44,"column":21},"end":{"line":55,"column":3}},"line":44},"6":{"name":"(anonymous_6)","decl":{"start":{"line":57,"column":2},"end":{"line":57,"column":3}},"loc":{"start":{"line":57,"column":18},"end":{"line":67,"column":3}},"line":57},"7":{"name":"(anonymous_7)","decl":{"start":{"line":68,"column":2},"end":{"line":68,"column":3}},"loc":{"start":{"line":68,"column":36},"end":{"line":81,"column":3}},"line":68},"8":{"name":"(anonymous_8)","decl":{"start":{"line":78,"column":41},"end":{"line":78,"column":42}},"loc":{"start":{"line":78,"column":49},"end":{"line":78,"column":66}},"line":78}},"branchMap":{"0":{"loc":{"start":{"line":15,"column":4},"end":{"line":17,"column":5}},"type":"if","locations":[{"start":{"line":15,"column":4},"end":{"line":17,"column":5}},{"start":{},"end":{}}],"line":15},"1":{"loc":{"start":{"line":26,"column":4},"end":{"line":28,"column":5}},"type":"if","locations":[{"start":{"line":26,"column":4},"end":{"line":28,"column":5}},{"start":{},"end":{}}],"line":26},"2":{"loc":{"start":{"line":50,"column":4},"end":{"line":52,"column":5}},"type":"if","locations":[{"start":{"line":50,"column":4},"end":{"line":52,"column":5}},{"start":{},"end":{}}],"line":50},"3":{"loc":{"start":{"line":62,"column":4},"end":{"line":64,"column":5}},"type":"if","locations":[{"start":{"line":62,"column":4},"end":{"line":64,"column":5}},{"start":{},"end":{}}],"line":62},"4":{"loc":{"start":{"line":74,"column":4},"end":{"line":76,"column":5}},"type":"if","locations":[{"start":{"line":74,"column":4},"end":{"line":76,"column":5}},{"start":{},"end":{}}],"line":74}},"s":{"0":1,"1":5,"2":5,"3":5,"4":5,"5":5,"6":5,"7":2,"8":2,"9":0,"10":2,"11":4,"12":1,"13":1,"14":0,"15":1,"16":2,"17":2,"18":0,"19":0,"20":0,"21":1,"22":1,"23":0,"24":0,"25":0,"26":0,"27":0,"28":0,"29":0,"30":0,"31":0,"32":0,"33":0,"34":0,"35":0,"36":0,"37":0,"38":1},"f":{"0":5,"1":2,"2":4,"3":1,"4":2,"5":1,"6":0,"7":0,"8":0},"b":{"0":[0,2],"1":[0,1],"2":[0,0],"3":[0,0],"4":[0,0]},"_coverageSchema":"1a1c01bbd47fc00a2c39e90264f33305004495a9","hash":"3c7e6d5b9d3cbea0e1dd5119abc222e348dbeb38"}
,"/Users/doheelee/Desktop/Florin_Community_App_Server/models/event.js": {"path":"/Users/doheelee/Desktop/Florin_Community_App_Server/models/event.js","statementMap":{"0":{"start":{"line":1,"column":11},"end":{"line":1,"column":41}},"1":{"start":{"line":6,"column":8},"end":{"line":6,"column":27}},"2":{"start":{"line":7,"column":8},"end":{"line":7,"column":33}},"3":{"start":{"line":8,"column":8},"end":{"line":8,"column":31}},"4":{"start":{"line":9,"column":8},"end":{"line":9,"column":31}},"5":{"start":{"line":10,"column":8},"end":{"line":10,"column":37}},"6":{"start":{"line":11,"column":8},"end":{"line":11,"column":37}},"7":{"start":{"line":15,"column":25},"end":{"line":16,"column":56}},"8":{"start":{"line":17,"column":8},"end":{"line":19,"column":9}},"9":{"start":{"line":18,"column":12},"end":{"line":18,"column":50}},"10":{"start":{"line":20,"column":8},"end":{"line":20,"column":52}},"11":{"start":{"line":20,"column":38},"end":{"line":20,"column":50}},"12":{"start":{"line":27,"column":29},"end":{"line":27,"column":33}},"13":{"start":{"line":28,"column":25},"end":{"line":29,"column":177}},"14":{"start":{"line":30,"column":8},"end":{"line":30,"column":43}},"15":{"start":{"line":34,"column":25},"end":{"line":35,"column":61}},"16":{"start":{"line":36,"column":8},"end":{"line":38,"column":9}},"17":{"start":{"line":37,"column":12},"end":{"line":37,"column":54}},"18":{"start":{"line":39,"column":8},"end":{"line":39,"column":43}},"19":{"start":{"line":48,"column":26},"end":{"line":48,"column":30}},"20":{"start":{"line":49,"column":25},"end":{"line":51,"column":82}},"21":{"start":{"line":52,"column":8},"end":{"line":54,"column":9}},"22":{"start":{"line":53,"column":12},"end":{"line":53,"column":54}},"23":{"start":{"line":55,"column":8},"end":{"line":55,"column":32}},"24":{"start":{"line":59,"column":25},"end":{"line":60,"column":72}},"25":{"start":{"line":61,"column":8},"end":{"line":63,"column":9}},"26":{"start":{"line":62,"column":12},"end":{"line":62,"column":54}},"27":{"start":{"line":64,"column":8},"end":{"line":64,"column":43}},"28":{"start":{"line":70,"column":0},"end":{"line":70,"column":23}}},"fnMap":{"0":{"name":"(anonymous_0)","decl":{"start":{"line":5,"column":4},"end":{"line":5,"column":5}},"loc":{"start":{"line":5,"column":95},"end":{"line":12,"column":5}},"line":5},"1":{"name":"(anonymous_1)","decl":{"start":{"line":14,"column":4},"end":{"line":14,"column":5}},"loc":{"start":{"line":14,"column":26},"end":{"line":21,"column":5}},"line":14},"2":{"name":"(anonymous_2)","decl":{"start":{"line":20,"column":33},"end":{"line":20,"column":34}},"loc":{"start":{"line":20,"column":38},"end":{"line":20,"column":50}},"line":20},"3":{"name":"(anonymous_3)","decl":{"start":{"line":23,"column":4},"end":{"line":23,"column":5}},"loc":{"start":{"line":23,"column":30},"end":{"line":31,"column":5}},"line":23},"4":{"name":"(anonymous_4)","decl":{"start":{"line":33,"column":4},"end":{"line":33,"column":5}},"loc":{"start":{"line":33,"column":32},"end":{"line":40,"column":5}},"line":33},"5":{"name":"(anonymous_5)","decl":{"start":{"line":43,"column":5},"end":{"line":43,"column":6}},"loc":{"start":{"line":43,"column":24},"end":{"line":56,"column":5}},"line":43},"6":{"name":"(anonymous_6)","decl":{"start":{"line":58,"column":4},"end":{"line":58,"column":5}},"loc":{"start":{"line":58,"column":29},"end":{"line":65,"column":5}},"line":58}},"branchMap":{"0":{"loc":{"start":{"line":17,"column":8},"end":{"line":19,"column":9}},"type":"if","locations":[{"start":{"line":17,"column":8},"end":{"line":19,"column":9}},{"start":{},"end":{}}],"line":17},"1":{"loc":{"start":{"line":36,"column":8},"end":{"line":38,"column":9}},"type":"if","locations":[{"start":{"line":36,"column":8},"end":{"line":38,"column":9}},{"start":{},"end":{}}],"line":36},"2":{"loc":{"start":{"line":52,"column":8},"end":{"line":54,"column":9}},"type":"if","locations":[{"start":{"line":52,"column":8},"end":{"line":54,"column":9}},{"start":{},"end":{}}],"line":52},"3":{"loc":{"start":{"line":61,"column":8},"end":{"line":63,"column":9}},"type":"if","locations":[{"start":{"line":61,"column":8},"end":{"line":63,"column":9}},{"start":{},"end":{}}],"line":61}},"s":{"0":1,"1":0,"2":0,"3":0,"4":0,"5":0,"6":0,"7":0,"8":0,"9":0,"10":0,"11":0,"12":0,"13":0,"14":0,"15":0,"16":0,"17":0,"18":0,"19":0,"20":0,"21":0,"22":0,"23":0,"24":0,"25":0,"26":0,"27":0,"28":1},"f":{"0":0,"1":0,"2":0,"3":0,"4":0,"5":0,"6":0},"b":{"0":[0,0],"1":[0,0],"2":[0,0],"3":[0,0]},"_coverageSchema":"1a1c01bbd47fc00a2c39e90264f33305004495a9","hash":"91d64394c66cfced6cf125a2796ffc302f74c0e1"}
,"/Users/doheelee/Desktop/Florin_Community_App_Server/models/recycling.js": {"path":"/Users/doheelee/Desktop/Florin_Community_App_Server/models/recycling.js","statementMap":{"0":{"start":{"line":1,"column":20},"end":{"line":1,"column":34}},"1":{"start":{"line":2,"column":11},"end":{"line":2,"column":41}},"2":{"start":{"line":14,"column":4},"end":{"line":15,"column":5}},"3":{"start":{"line":15,"column":5},"end":{"line":20,"column":24}},"4":{"start":{"line":24,"column":21},"end":{"line":24,"column":62}},"5":{"start":{"line":25,"column":4},"end":{"line":25,"column":51}},"6":{"start":{"line":25,"column":36},"end":{"line":25,"column":50}},"7":{"start":{"line":29,"column":21},"end":{"line":32,"column":5}},"8":{"start":{"line":33,"column":4},"end":{"line":35,"column":5}},"9":{"start":{"line":34,"column":6},"end":{"line":34,"column":47}},"10":{"start":{"line":36,"column":4},"end":{"line":36,"column":40}},"11":{"start":{"line":39,"column":53},"end":{"line":39,"column":57}},"12":{"start":{"line":40,"column":21},"end":{"line":43,"column":5}},"13":{"start":{"line":44,"column":4},"end":{"line":46,"column":5}},"14":{"start":{"line":45,"column":6},"end":{"line":45,"column":47}},"15":{"start":{"line":47,"column":24},"end":{"line":47,"column":40}},"16":{"start":{"line":48,"column":4},"end":{"line":48,"column":22}},"17":{"start":{"line":53,"column":55},"end":{"line":53,"column":59}},"18":{"start":{"line":54,"column":19},"end":{"line":57,"column":5}},"19":{"start":{"line":58,"column":18},"end":{"line":58,"column":42}},"20":{"start":{"line":59,"column":23},"end":{"line":59,"column":54}},"21":{"start":{"line":60,"column":4},"end":{"line":60,"column":21}},"22":{"start":{"line":64,"column":19},"end":{"line":67,"column":5}},"23":{"start":{"line":68,"column":4},"end":{"line":68,"column":40}},"24":{"start":{"line":72,"column":0},"end":{"line":72,"column":24}}},"fnMap":{"0":{"name":"(anonymous_0)","decl":{"start":{"line":5,"column":2},"end":{"line":5,"column":3}},"loc":{"start":{"line":13,"column":5},"end":{"line":21,"column":3}},"line":13},"1":{"name":"(anonymous_1)","decl":{"start":{"line":23,"column":2},"end":{"line":23,"column":3}},"loc":{"start":{"line":23,"column":24},"end":{"line":26,"column":3}},"line":23},"2":{"name":"(anonymous_2)","decl":{"start":{"line":25,"column":29},"end":{"line":25,"column":30}},"loc":{"start":{"line":25,"column":36},"end":{"line":25,"column":50}},"line":25},"3":{"name":"(anonymous_3)","decl":{"start":{"line":28,"column":2},"end":{"line":28,"column":3}},"loc":{"start":{"line":28,"column":30},"end":{"line":37,"column":3}},"line":28},"4":{"name":"(anonymous_4)","decl":{"start":{"line":38,"column":2},"end":{"line":38,"column":3}},"loc":{"start":{"line":38,"column":21},"end":{"line":50,"column":3}},"line":38},"5":{"name":"(anonymous_5)","decl":{"start":{"line":52,"column":2},"end":{"line":52,"column":3}},"loc":{"start":{"line":52,"column":28},"end":{"line":61,"column":3}},"line":52},"6":{"name":"(anonymous_6)","decl":{"start":{"line":63,"column":2},"end":{"line":63,"column":3}},"loc":{"start":{"line":63,"column":18},"end":{"line":69,"column":3}},"line":63}},"branchMap":{"0":{"loc":{"start":{"line":33,"column":4},"end":{"line":35,"column":5}},"type":"if","locations":[{"start":{"line":33,"column":4},"end":{"line":35,"column":5}},{"start":{},"end":{}}],"line":33},"1":{"loc":{"start":{"line":44,"column":4},"end":{"line":46,"column":5}},"type":"if","locations":[{"start":{"line":44,"column":4},"end":{"line":46,"column":5}},{"start":{},"end":{}}],"line":44}},"s":{"0":1,"1":1,"2":0,"3":0,"4":0,"5":0,"6":0,"7":0,"8":0,"9":0,"10":0,"11":0,"12":0,"13":0,"14":0,"15":0,"16":0,"17":0,"18":0,"19":0,"20":0,"21":0,"22":0,"23":0,"24":1},"f":{"0":0,"1":0,"2":0,"3":0,"4":0,"5":0,"6":0},"b":{"0":[0,0],"1":[0,0]},"_coverageSchema":"1a1c01bbd47fc00a2c39e90264f33305004495a9","hash":"23e6b7bd8e21f86775d964025a6b0510f2b0e9a2"}
,"/Users/doheelee/Desktop/Florin_Community_App_Server/models/token.js": {"path":"/Users/doheelee/Desktop/Florin_Community_App_Server/models/token.js","statementMap":{"0":{"start":{"line":1,"column":23},"end":{"line":1,"column":38}},"1":{"start":{"line":3,"column":11},"end":{"line":3,"column":41}},"2":{"start":{"line":8,"column":4},"end":{"line":8,"column":23}},"3":{"start":{"line":9,"column":4},"end":{"line":9,"column":27}},"4":{"start":{"line":10,"column":4},"end":{"line":10,"column":23}},"5":{"start":{"line":14,"column":18},"end":{"line":14,"column":26}},"6":{"start":{"line":15,"column":21},"end":{"line":16,"column":23}},"7":{"start":{"line":17,"column":18},"end":{"line":17,"column":43}},"8":{"start":{"line":18,"column":21},"end":{"line":18,"column":50}},"9":{"start":{"line":19,"column":4},"end":{"line":19,"column":20}},"10":{"start":{"line":23,"column":21},"end":{"line":23,"column":85}},"11":{"start":{"line":24,"column":4},"end":{"line":28,"column":5}},"12":{"start":{"line":25,"column":6},"end":{"line":25,"column":49}},"13":{"start":{"line":27,"column":6},"end":{"line":27,"column":41}},"14":{"start":{"line":32,"column":21},"end":{"line":32,"column":85}},"15":{"start":{"line":33,"column":4},"end":{"line":37,"column":5}},"16":{"start":{"line":34,"column":6},"end":{"line":34,"column":49}},"17":{"start":{"line":36,"column":6},"end":{"line":36,"column":41}},"18":{"start":{"line":42,"column":0},"end":{"line":42,"column":23}}},"fnMap":{"0":{"name":"(anonymous_0)","decl":{"start":{"line":7,"column":2},"end":{"line":7,"column":3}},"loc":{"start":{"line":7,"column":44},"end":{"line":11,"column":3}},"line":7},"1":{"name":"(anonymous_1)","decl":{"start":{"line":13,"column":2},"end":{"line":13,"column":3}},"loc":{"start":{"line":13,"column":31},"end":{"line":20,"column":3}},"line":13},"2":{"name":"(anonymous_2)","decl":{"start":{"line":22,"column":2},"end":{"line":22,"column":3}},"loc":{"start":{"line":22,"column":30},"end":{"line":29,"column":3}},"line":22},"3":{"name":"(anonymous_3)","decl":{"start":{"line":31,"column":2},"end":{"line":31,"column":3}},"loc":{"start":{"line":31,"column":36},"end":{"line":38,"column":3}},"line":31}},"branchMap":{"0":{"loc":{"start":{"line":24,"column":4},"end":{"line":28,"column":5}},"type":"if","locations":[{"start":{"line":24,"column":4},"end":{"line":28,"column":5}},{"start":{"line":26,"column":11},"end":{"line":28,"column":5}}],"line":24},"1":{"loc":{"start":{"line":33,"column":4},"end":{"line":37,"column":5}},"type":"if","locations":[{"start":{"line":33,"column":4},"end":{"line":37,"column":5}},{"start":{"line":35,"column":11},"end":{"line":37,"column":5}}],"line":33}},"s":{"0":1,"1":1,"2":0,"3":0,"4":0,"5":0,"6":0,"7":0,"8":0,"9":0,"10":0,"11":0,"12":0,"13":0,"14":0,"15":0,"16":0,"17":0,"18":1},"f":{"0":0,"1":0,"2":0,"3":0},"b":{"0":[0,0],"1":[0,0]},"_coverageSchema":"1a1c01bbd47fc00a2c39e90264f33305004495a9","hash":"cf2f47f1797f404146e2c8d9449d13a45d3aafe4"}
,"/Users/doheelee/Desktop/Florin_Community_App_Server/models/user.js": {"path":"/Users/doheelee/Desktop/Florin_Community_App_Server/models/user.js","statementMap":{"0":{"start":{"line":1,"column":11},"end":{"line":1,"column":41}},"1":{"start":{"line":5,"column":4},"end":{"line":5,"column":26}},"2":{"start":{"line":6,"column":4},"end":{"line":6,"column":29}},"3":{"start":{"line":7,"column":4},"end":{"line":7,"column":32}},"4":{"start":{"line":8,"column":4},"end":{"line":8,"column":28}},"5":{"start":{"line":9,"column":4},"end":{"line":9,"column":24}},"6":{"start":{"line":10,"column":4},"end":{"line":10,"column":27}},"7":{"start":{"line":14,"column":21},"end":{"line":16,"column":6}},"8":{"start":{"line":17,"column":4},"end":{"line":19,"column":5}},"9":{"start":{"line":18,"column":6},"end":{"line":18,"column":47}},"10":{"start":{"line":20,"column":4},"end":{"line":20,"column":37}},"11":{"start":{"line":24,"column":21},"end":{"line":27,"column":5}},"12":{"start":{"line":28,"column":4},"end":{"line":30,"column":5}},"13":{"start":{"line":29,"column":6},"end":{"line":29,"column":47}},"14":{"start":{"line":31,"column":4},"end":{"line":31,"column":37}},"15":{"start":{"line":35,"column":4},"end":{"line":35,"column":37}},"16":{"start":{"line":36,"column":4},"end":{"line":36,"column":39}},"17":{"start":{"line":37,"column":4},"end":{"line":37,"column":37}},"18":{"start":{"line":38,"column":19},"end":{"line":41,"column":5}},"19":{"start":{"line":42,"column":18},"end":{"line":42,"column":42}},"20":{"start":{"line":43,"column":20},"end":{"line":43,"column":48}},"21":{"start":{"line":44,"column":4},"end":{"line":44,"column":18}},"22":{"start":{"line":52,"column":21},"end":{"line":55,"column":5}},"23":{"start":{"line":57,"column":4},"end":{"line":59,"column":5}},"24":{"start":{"line":58,"column":6},"end":{"line":58,"column":57}},"25":{"start":{"line":60,"column":20},"end":{"line":60,"column":36}},"26":{"start":{"line":61,"column":4},"end":{"line":61,"column":18}},"27":{"start":{"line":92,"column":22},"end":{"line":94,"column":5}},"28":{"start":{"line":95,"column":17},"end":{"line":95,"column":34}},"29":{"start":{"line":96,"column":21},"end":{"line":99,"column":5}},"30":{"start":{"line":100,"column":4},"end":{"line":102,"column":5}},"31":{"start":{"line":101,"column":6},"end":{"line":101,"column":48}},"32":{"start":{"line":103,"column":4},"end":{"line":103,"column":37}},"33":{"start":{"line":108,"column":21},"end":{"line":110,"column":9}},"34":{"start":{"line":111,"column":4},"end":{"line":111,"column":32}},"35":{"start":{"line":112,"column":4},"end":{"line":114,"column":5}},"36":{"start":{"line":113,"column":6},"end":{"line":113,"column":57}},"37":{"start":{"line":115,"column":4},"end":{"line":115,"column":25}},"38":{"start":{"line":121,"column":0},"end":{"line":121,"column":21}}},"fnMap":{"0":{"name":"(anonymous_0)","decl":{"start":{"line":4,"column":2},"end":{"line":4,"column":3}},"loc":{"start":{"line":4,"column":78},"end":{"line":11,"column":3}},"line":4},"1":{"name":"(anonymous_1)","decl":{"start":{"line":13,"column":2},"end":{"line":13,"column":3}},"loc":{"start":{"line":13,"column":30},"end":{"line":21,"column":3}},"line":13},"2":{"name":"(anonymous_2)","decl":{"start":{"line":23,"column":2},"end":{"line":23,"column":3}},"loc":{"start":{"line":23,"column":42},"end":{"line":32,"column":3}},"line":23},"3":{"name":"(anonymous_3)","decl":{"start":{"line":34,"column":2},"end":{"line":34,"column":3}},"loc":{"start":{"line":34,"column":75},"end":{"line":45,"column":3}},"line":34},"4":{"name":"(anonymous_4)","decl":{"start":{"line":51,"column":2},"end":{"line":51,"column":3}},"loc":{"start":{"line":51,"column":30},"end":{"line":62,"column":3}},"line":51},"5":{"name":"(anonymous_5)","decl":{"start":{"line":91,"column":2},"end":{"line":91,"column":3}},"loc":{"start":{"line":91,"column":34},"end":{"line":104,"column":3}},"line":91},"6":{"name":"(anonymous_6)","decl":{"start":{"line":107,"column":2},"end":{"line":107,"column":3}},"loc":{"start":{"line":107,"column":33},"end":{"line":116,"column":3}},"line":107}},"branchMap":{"0":{"loc":{"start":{"line":17,"column":4},"end":{"line":19,"column":5}},"type":"if","locations":[{"start":{"line":17,"column":4},"end":{"line":19,"column":5}},{"start":{},"end":{}}],"line":17},"1":{"loc":{"start":{"line":28,"column":4},"end":{"line":30,"column":5}},"type":"if","locations":[{"start":{"line":28,"column":4},"end":{"line":30,"column":5}},{"start":{},"end":{}}],"line":28},"2":{"loc":{"start":{"line":57,"column":4},"end":{"line":59,"column":5}},"type":"if","locations":[{"start":{"line":57,"column":4},"end":{"line":59,"column":5}},{"start":{},"end":{}}],"line":57},"3":{"loc":{"start":{"line":100,"column":4},"end":{"line":102,"column":5}},"type":"if","locations":[{"start":{"line":100,"column":4},"end":{"line":102,"column":5}},{"start":{},"end":{}}],"line":100},"4":{"loc":{"start":{"line":112,"column":4},"end":{"line":114,"column":5}},"type":"if","locations":[{"start":{"line":112,"column":4},"end":{"line":114,"column":5}},{"start":{},"end":{}}],"line":112}},"s":{"0":1,"1":0,"2":0,"3":0,"4":0,"5":0,"6":0,"7":0,"8":0,"9":0,"10":0,"11":0,"12":0,"13":0,"14":0,"15":0,"16":0,"17":0,"18":0,"19":0,"20":0,"21":0,"22":0,"23":0,"24":0,"25":0,"26":0,"27":0,"28":0,"29":0,"30":0,"31":0,"32":0,"33":0,"34":0,"35":0,"36":0,"37":0,"38":1},"f":{"0":0,"1":0,"2":0,"3":0,"4":0,"5":0,"6":0},"b":{"0":[0,0],"1":[0,0],"2":[0,0],"3":[0,0],"4":[0,0]},"_coverageSchema":"1a1c01bbd47fc00a2c39e90264f33305004495a9","hash":"5af7b76898db2f381f862be074e439ba16b115bd"}
,"/Users/doheelee/Desktop/Florin_Community_App_Server/models/userEvent.js": {"path":"/Users/doheelee/Desktop/Florin_Community_App_Server/models/userEvent.js","statementMap":{"0":{"start":{"line":1,"column":11},"end":{"line":1,"column":41}},"1":{"start":{"line":6,"column":8},"end":{"line":6,"column":42}},"2":{"start":{"line":7,"column":8},"end":{"line":7,"column":32}},"3":{"start":{"line":8,"column":8},"end":{"line":8,"column":30}},"4":{"start":{"line":12,"column":25},"end":{"line":13,"column":57}},"5":{"start":{"line":14,"column":8},"end":{"line":16,"column":9}},"6":{"start":{"line":15,"column":12},"end":{"line":15,"column":56}},"7":{"start":{"line":17,"column":8},"end":{"line":17,"column":56}},"8":{"start":{"line":17,"column":38},"end":{"line":17,"column":54}},"9":{"start":{"line":21,"column":35},"end":{"line":21,"column":39}},"10":{"start":{"line":22,"column":25},"end":{"line":24,"column":29}},"11":{"start":{"line":25,"column":8},"end":{"line":25,"column":47}},"12":{"start":{"line":29,"column":25},"end":{"line":30,"column":70}},"13":{"start":{"line":31,"column":8},"end":{"line":33,"column":9}},"14":{"start":{"line":32,"column":12},"end":{"line":32,"column":59}},"15":{"start":{"line":34,"column":8},"end":{"line":34,"column":47}},"16":{"start":{"line":52,"column":25},"end":{"line":54,"column":17}},"17":{"start":{"line":55,"column":8},"end":{"line":57,"column":9}},"18":{"start":{"line":56,"column":12},"end":{"line":56,"column":59}},"19":{"start":{"line":58,"column":8},"end":{"line":58,"column":47}},"20":{"start":{"line":63,"column":0},"end":{"line":63,"column":27}}},"fnMap":{"0":{"name":"(anonymous_0)","decl":{"start":{"line":5,"column":4},"end":{"line":5,"column":5}},"loc":{"start":{"line":5,"column":55},"end":{"line":9,"column":5}},"line":5},"1":{"name":"(anonymous_1)","decl":{"start":{"line":11,"column":4},"end":{"line":11,"column":5}},"loc":{"start":{"line":11,"column":26},"end":{"line":18,"column":5}},"line":11},"2":{"name":"(anonymous_2)","decl":{"start":{"line":17,"column":33},"end":{"line":17,"column":34}},"loc":{"start":{"line":17,"column":38},"end":{"line":17,"column":54}},"line":17},"3":{"name":"(anonymous_3)","decl":{"start":{"line":20,"column":4},"end":{"line":20,"column":5}},"loc":{"start":{"line":20,"column":30},"end":{"line":26,"column":5}},"line":20},"4":{"name":"(anonymous_4)","decl":{"start":{"line":28,"column":4},"end":{"line":28,"column":5}},"loc":{"start":{"line":28,"column":32},"end":{"line":35,"column":5}},"line":28},"5":{"name":"(anonymous_5)","decl":{"start":{"line":51,"column":4},"end":{"line":51,"column":5}},"loc":{"start":{"line":51,"column":29},"end":{"line":59,"column":5}},"line":51}},"branchMap":{"0":{"loc":{"start":{"line":14,"column":8},"end":{"line":16,"column":9}},"type":"if","locations":[{"start":{"line":14,"column":8},"end":{"line":16,"column":9}},{"start":{},"end":{}}],"line":14},"1":{"loc":{"start":{"line":31,"column":8},"end":{"line":33,"column":9}},"type":"if","locations":[{"start":{"line":31,"column":8},"end":{"line":33,"column":9}},{"start":{},"end":{}}],"line":31},"2":{"loc":{"start":{"line":55,"column":8},"end":{"line":57,"column":9}},"type":"if","locations":[{"start":{"line":55,"column":8},"end":{"line":57,"column":9}},{"start":{},"end":{}}],"line":55}},"s":{"0":1,"1":0,"2":0,"3":0,"4":0,"5":0,"6":0,"7":0,"8":0,"9":0,"10":0,"11":0,"12":0,"13":0,"14":0,"15":0,"16":0,"17":0,"18":0,"19":0,"20":1},"f":{"0":0,"1":0,"2":0,"3":0,"4":0,"5":0},"b":{"0":[0,0],"1":[0,0],"2":[0,0]},"_coverageSchema":"1a1c01bbd47fc00a2c39e90264f33305004495a9","hash":"538e841b6c47da98eb4ab7c82b8fd963ea3465e7"}
,"/Users/doheelee/Desktop/Florin_Community_App_Server/routers/complaintRouter.js": {"path":"/Users/doheelee/Desktop/Florin_Community_App_Server/routers/complaintRouter.js","statementMap":{"0":{"start":{"line":1,"column":19},"end":{"line":1,"column":37}},"1":{"start":{"line":3,"column":29},"end":{"line":3,"column":64}},"2":{"start":{"line":4,"column":24},"end":{"line":4,"column":32}},"3":{"start":{"line":6,"column":0},"end":{"line":6,"column":52}},"4":{"start":{"line":7,"column":0},"end":{"line":7,"column":54}},"5":{"start":{"line":8,"column":0},"end":{"line":8,"column":54}},"6":{"start":{"line":9,"column":0},"end":{"line":9,"column":58}},"7":{"start":{"line":10,"column":0},"end":{"line":10,"column":60}},"8":{"start":{"line":12,"column":0},"end":{"line":12,"column":32}}},"fnMap":{},"branchMap":{},"s":{"0":1,"1":1,"2":1,"3":1,"4":1,"5":1,"6":1,"7":1,"8":1},"f":{},"b":{},"_coverageSchema":"1a1c01bbd47fc00a2c39e90264f33305004495a9","hash":"a18efed4b449b6837758747cdbf4d2d5117b342e"}
,"/Users/doheelee/Desktop/Florin_Community_App_Server/routers/eventsRouter.js": {"path":"/Users/doheelee/Desktop/Florin_Community_App_Server/routers/eventsRouter.js","statementMap":{"0":{"start":{"line":1,"column":19},"end":{"line":1,"column":37}},"1":{"start":{"line":3,"column":25},"end":{"line":3,"column":70}},"2":{"start":{"line":4,"column":21},"end":{"line":4,"column":29}},"3":{"start":{"line":6,"column":0},"end":{"line":6,"column":46}},"4":{"start":{"line":7,"column":0},"end":{"line":7,"column":48}},"5":{"start":{"line":8,"column":0},"end":{"line":8,"column":48}},"6":{"start":{"line":9,"column":0},"end":{"line":9,"column":51}},"7":{"start":{"line":10,"column":0},"end":{"line":10,"column":54}},"8":{"start":{"line":12,"column":0},"end":{"line":12,"column":30}}},"fnMap":{},"branchMap":{},"s":{"0":1,"1":1,"2":1,"3":1,"4":1,"5":1,"6":1,"7":1,"8":1},"f":{},"b":{},"_coverageSchema":"1a1c01bbd47fc00a2c39e90264f33305004495a9","hash":"bc28794ed0d18b39b0e3d0c776f8432a625b034d"}
,"/Users/doheelee/Desktop/Florin_Community_App_Server/routers/recycleRouter.js": {"path":"/Users/doheelee/Desktop/Florin_Community_App_Server/routers/recycleRouter.js","statementMap":{"0":{"start":{"line":1,"column":19},"end":{"line":1,"column":37}},"1":{"start":{"line":3,"column":22},"end":{"line":3,"column":60}},"2":{"start":{"line":4,"column":28},"end":{"line":4,"column":63}},"3":{"start":{"line":6,"column":24},"end":{"line":6,"column":32}},"4":{"start":{"line":8,"column":0},"end":{"line":8,"column":51}},"5":{"start":{"line":9,"column":0},"end":{"line":9,"column":54}},"6":{"start":{"line":10,"column":0},"end":{"line":10,"column":54}},"7":{"start":{"line":11,"column":0},"end":{"line":11,"column":56}},"8":{"start":{"line":12,"column":0},"end":{"line":12,"column":60}},"9":{"start":{"line":14,"column":0},"end":{"line":14,"column":33}}},"fnMap":{},"branchMap":{},"s":{"0":1,"1":1,"2":1,"3":1,"4":1,"5":1,"6":1,"7":1,"8":1,"9":1},"f":{},"b":{},"_coverageSchema":"1a1c01bbd47fc00a2c39e90264f33305004495a9","hash":"3a02fa4c4458be7aa31f7e95905e6590e2d385e3"}
,"/Users/doheelee/Desktop/Florin_Community_App_Server/routers/userEventsRouter.js": {"path":"/Users/doheelee/Desktop/Florin_Community_App_Server/routers/userEventsRouter.js","statementMap":{"0":{"start":{"line":1,"column":19},"end":{"line":1,"column":37}},"1":{"start":{"line":3,"column":29},"end":{"line":3,"column":78}},"2":{"start":{"line":4,"column":25},"end":{"line":4,"column":33}},"3":{"start":{"line":6,"column":0},"end":{"line":6,"column":54}},"4":{"start":{"line":7,"column":0},"end":{"line":7,"column":56}},"5":{"start":{"line":8,"column":0},"end":{"line":8,"column":56}},"6":{"start":{"line":10,"column":0},"end":{"line":10,"column":62}},"7":{"start":{"line":12,"column":0},"end":{"line":12,"column":34}}},"fnMap":{},"branchMap":{},"s":{"0":1,"1":1,"2":1,"3":1,"4":1,"5":1,"6":1,"7":1},"f":{},"b":{},"_coverageSchema":"1a1c01bbd47fc00a2c39e90264f33305004495a9","hash":"2c5d611db69bfac914656eaff094bb6be9b8e5a7"}
,"/Users/doheelee/Desktop/Florin_Community_App_Server/routers/usersRouter.js": {"path":"/Users/doheelee/Desktop/Florin_Community_App_Server/routers/usersRouter.js","statementMap":{"0":{"start":{"line":1,"column":19},"end":{"line":1,"column":37}},"1":{"start":{"line":3,"column":24},"end":{"line":3,"column":68}},"2":{"start":{"line":5,"column":20},"end":{"line":5,"column":28}},"3":{"start":{"line":6,"column":22},"end":{"line":6,"column":30}},"4":{"start":{"line":7,"column":22},"end":{"line":7,"column":63}},"5":{"start":{"line":9,"column":0},"end":{"line":9,"column":55}},"6":{"start":{"line":10,"column":0},"end":{"line":10,"column":49}},"7":{"start":{"line":17,"column":0},"end":{"line":17,"column":79}},"8":{"start":{"line":18,"column":0},"end":{"line":18,"column":66}},"9":{"start":{"line":19,"column":0},"end":{"line":19,"column":58}},"10":{"start":{"line":20,"column":0},"end":{"line":20,"column":55}},"11":{"start":{"line":22,"column":0},"end":{"line":22,"column":68}},"12":{"start":{"line":29,"column":0},"end":{"line":29,"column":28}}},"fnMap":{},"branchMap":{},"s":{"0":1,"1":1,"2":1,"3":1,"4":1,"5":1,"6":1,"7":1,"8":1,"9":1,"10":1,"11":1,"12":1},"f":{},"b":{},"_coverageSchema":"1a1c01bbd47fc00a2c39e90264f33305004495a9","hash":"b3f35e7ce9eb23cb0a417267bef49861c52ff88a"}
}
